<?xml version="1.0" encoding="UTF-8"?>
<!-- Generated by org.testng.reporters.JUnitXMLReporter -->
<testsuite hostname="rose-PC" ignored="0" name="chromeTest" tests="1" failures="1" timestamp="30 Jun 2021 15:48:34 GMT" time="51.274" errors="0">
  <testcase name="testCase06selectDateFromDatePicker" time="23.81" classname="execute.ExecuteWorkersPage">
    <failure type="java.lang.AssertionError" message="expected [] but found [UPDATE WORKER: CORINA ELENA SLUJITORU]">
      <![CDATA[java.lang.AssertionError: expected [] but found [UPDATE WORKER: CORINA ELENA SLUJITORU]
at execute.ExecuteWorkersPage.testCase06selectDateFromDatePicker(ExecuteWorkersPage.java:108)
at java.util.concurrent.FutureTask.run(Unknown Source)
at java.util.concurrent.ThreadPoolExecutor.runWorker(Unknown Source)
at java.util.concurrent.ThreadPoolExecutor$Worker.run(Unknown Source)
at java.lang.Thread.run(Unknown Source)
... Removed 22 stack frames]]>
    </failure>
  </testcase> <!-- testCase06selectDateFromDatePicker -->
</testsuite> <!-- chromeTest -->
