<?xml version="1.0" encoding="UTF-8"?>
<!-- Generated by org.testng.reporters.JUnitXMLReporter -->
<testsuite hostname="rose-PC" ignored="0" name="Default test" tests="3" failures="0" timestamp="01 Jul 2021 13:15:32 GMT" time="46.384" errors="0">
  <testcase name="testCase01verifyLogOutFunctionality" time="6.011" classname="execute.ExecuteHome"/>
  <testcase name="testCase02verifySettingTabFunctionality" time="8.014" classname="execute.ExecuteHome"/>
  <testcase name="testCase03verifylogoFontSize" time="4.23" classname="execute.ExecuteHome"/>
</testsuite> <!-- Default test -->
